<?xml version="1.0" encoding="UTF-8"?>
<!-- Generated by org.testng.reporters.JUnitReportReporter -->
<testsuite hostname="LAPTOP-E1QE7JE5" failures="0" tests="2" name="TestCases.DashboardPageTest" time="60.386" errors="0" timestamp="2023-08-03T19:24:33 IST" skipped="0">
  <testcase classname="TestCases.DashboardPageTest" name="shoppingTest" time="15.391"/>
  <testcase classname="TestCases.DashboardPageTest" name="cancelTest" time="44.995"/>
</testsuite> <!-- TestCases.DashboardPageTest -->
